c:\users\lenovo\documents\github\renderingassignment\edurend17v1_handout\obj\x86\debug\vc141.pdb
c:\users\lenovo\documents\github\renderingassignment\edurend17v1_handout\obj\x86\debug\vc141.idb
c:\users\lenovo\documents\github\renderingassignment\edurend17v1_handout\obj\x86\debug\cube.obj
c:\users\lenovo\documents\github\renderingassignment\edurend17v1_handout\obj\x86\debug\geometry.obj
c:\users\lenovo\documents\github\renderingassignment\edurend17v1_handout\obj\x86\debug\inputhandler.obj
c:\users\lenovo\documents\github\renderingassignment\edurend17v1_handout\obj\x86\debug\mesh.obj
c:\users\lenovo\documents\github\renderingassignment\edurend17v1_handout\obj\x86\debug\main.obj
c:\users\lenovo\documents\github\renderingassignment\edurend17v1_handout\obj\x86\debug\mat.obj
c:\users\lenovo\documents\github\renderingassignment\edurend17v1_handout\obj\x86\debug\vec.obj
c:\users\lenovo\documents\github\renderingassignment\edurend17v1_handout\bin\x86\edurendd.exe
c:\users\lenovo\documents\github\renderingassignment\edurend17v1_handout\bin\x86\edurendd.ilk
c:\users\lenovo\documents\github\renderingassignment\edurend17v1_handout\bin\x86\edurendd.pdb
c:\users\lenovo\documents\github\renderingassignment\edurend17v1_handout\source\../bin/x86/edurendd.pdb
c:\users\lenovo\documents\github\renderingassignment\edurend17v1_handout\source\../bin/x86/edurendd.exe
c:\users\lenovo\documents\github\renderingassignment\edurend17v1_handout\source\../bin/x86/edurendd.ilk
c:\users\lenovo\documents\github\renderingassignment\edurend17v1_handout\obj\x86\debug\edurend.tlog\cl.command.1.tlog
c:\users\lenovo\documents\github\renderingassignment\edurend17v1_handout\obj\x86\debug\edurend.tlog\cl.read.1.tlog
c:\users\lenovo\documents\github\renderingassignment\edurend17v1_handout\obj\x86\debug\edurend.tlog\cl.write.1.tlog
c:\users\lenovo\documents\github\renderingassignment\edurend17v1_handout\obj\x86\debug\edurend.tlog\link.command.1.tlog
c:\users\lenovo\documents\github\renderingassignment\edurend17v1_handout\obj\x86\debug\edurend.tlog\link.read.1.tlog
c:\users\lenovo\documents\github\renderingassignment\edurend17v1_handout\obj\x86\debug\edurend.tlog\link.write.1.tlog
