c:\users\lenovo\documents\github\renderingassignment\edurend17v1_handout\obj\x86\release\vc141.pdb
c:\users\lenovo\documents\github\renderingassignment\edurend17v1_handout\obj\x86\release\vec.obj
c:\users\lenovo\documents\github\renderingassignment\edurend17v1_handout\obj\x86\release\mat.obj
c:\users\lenovo\documents\github\renderingassignment\edurend17v1_handout\obj\x86\release\mesh.obj
c:\users\lenovo\documents\github\renderingassignment\edurend17v1_handout\obj\x86\release\main.obj
c:\users\lenovo\documents\github\renderingassignment\edurend17v1_handout\obj\x86\release\inputhandler.obj
c:\users\lenovo\documents\github\renderingassignment\edurend17v1_handout\obj\x86\release\geometry.obj
c:\users\lenovo\documents\github\renderingassignment\edurend17v1_handout\obj\x86\release\cube.obj
c:\users\lenovo\documents\github\renderingassignment\edurend17v1_handout\bin\x86\edurend.ipdb
c:\users\lenovo\documents\github\renderingassignment\edurend17v1_handout\bin\x86\edurend.iobj
c:\users\lenovo\documents\github\renderingassignment\edurend17v1_handout\bin\x86\edurend.exe
c:\users\lenovo\documents\github\renderingassignment\edurend17v1_handout\bin\x86\edurend.pdb
c:\users\lenovo\documents\github\renderingassignment\edurend17v1_handout\source\../bin/x86/edurend.pdb
c:\users\lenovo\documents\github\renderingassignment\edurend17v1_handout\source\../bin/x86/edurend.exe
c:\users\lenovo\documents\github\renderingassignment\edurend17v1_handout\obj\x86\release\edurend.tlog\cl.command.1.tlog
c:\users\lenovo\documents\github\renderingassignment\edurend17v1_handout\obj\x86\release\edurend.tlog\cl.read.1.tlog
c:\users\lenovo\documents\github\renderingassignment\edurend17v1_handout\obj\x86\release\edurend.tlog\cl.write.1.tlog
c:\users\lenovo\documents\github\renderingassignment\edurend17v1_handout\obj\x86\release\edurend.tlog\edurend.write.1u.tlog
c:\users\lenovo\documents\github\renderingassignment\edurend17v1_handout\obj\x86\release\edurend.tlog\fxc.command.1.tlog
c:\users\lenovo\documents\github\renderingassignment\edurend17v1_handout\obj\x86\release\edurend.tlog\fxc.read.1.tlog
c:\users\lenovo\documents\github\renderingassignment\edurend17v1_handout\obj\x86\release\edurend.tlog\link.command.1.tlog
c:\users\lenovo\documents\github\renderingassignment\edurend17v1_handout\obj\x86\release\edurend.tlog\link.read.1.tlog
c:\users\lenovo\documents\github\renderingassignment\edurend17v1_handout\obj\x86\release\edurend.tlog\link.write.1.tlog
