  Cube.cpp
  c:\program files (x86)\windows kits\10\include\10.0.17763.0\um\dinput.h: DIRECTINPUT_VERSION undefined. Defaulting to version 0x0800
d:\git2\renderingassignment\edurend17v1_handout\source\vec\math.h(16): warning C4005: 'NDEBUG': macro redefinition
  d:\git2\renderingassignment\edurend17v1_handout\source\cube.cpp: note: see previous definition of 'NDEBUG'
d:\git2\renderingassignment\edurend17v1_handout\source\vec\math.h(48): warning C4244: 'return': conversion from 'int' to 'float', possible loss of data
d:\git2\renderingassignment\edurend17v1_handout\source\mesh.h(67): warning C4018: '<': signed/unsigned mismatch
d:\git2\renderingassignment\edurend17v1_handout\source\mesh.h(70): warning C4018: '<': signed/unsigned mismatch
d:\git2\renderingassignment\edurend17v1_handout\source\cube.cpp(185): warning C4838: conversion from 'float' to 'UINT' requires a narrowing conversion
d:\git2\renderingassignment\edurend17v1_handout\source\cube.cpp(185): warning C4244: 'initializing': conversion from 'float' to 'UINT', possible loss of data
d:\git2\renderingassignment\edurend17v1_handout\source\cube.cpp(198): warning C4838: conversion from 'float' to 'UINT' requires a narrowing conversion
d:\git2\renderingassignment\edurend17v1_handout\source\cube.cpp(198): warning C4244: 'initializing': conversion from 'float' to 'UINT', possible loss of data
d:\git2\renderingassignment\edurend17v1_handout\source\vec\vec.h(479): warning C4244: 'argument': conversion from 'double' to 'const T', possible loss of data
          with
          [
              T=float
          ]
  d:\git2\renderingassignment\edurend17v1_handout\source\mesh.h(57): note: see reference to function template instantiation 'linalg::vec3<float> linalg::normalize<float>(const linalg::vec3<float> &)' being compiled
  Generating code
  0 of 2109 functions ( 0.0%) were compiled, the rest were copied from previous compilation.
    0 functions were new in current compilation
    0 functions had inline decision re-evaluated but remain unchanged
  Finished generating code
DirectXTK.lib(pch.obj) : warning LNK4099: PDB 'DirectXTK.pdb' was not found with 'DirectXTK.lib(pch.obj)' or at 'D:\git2\RenderingAssignment\eduRend17v1_handout\Bin\x86\DirectXTK.pdb'; linking object as if no debug info
DirectXTK.lib(WICTextureLoader.obj) : warning LNK4099: PDB 'DirectXTK.pdb' was not found with 'DirectXTK.lib(WICTextureLoader.obj)' or at 'D:\git2\RenderingAssignment\eduRend17v1_handout\Bin\x86\DirectXTK.pdb'; linking object as if no debug info
  Template.vcxproj -> D:\git2\RenderingAssignment\eduRend17v1_handout\source\../Bin/x86/eduRend.exe
